<?xml version="1.0" encoding="UTF-8"?>
<!-- Generated by org.testng.reporters.JUnitReportReporter -->
<testsuite skipped="0" hostname="IBM195-PC09E4R8" name="com.ibm.jenkins.com.ibm.jenkins.Launch_ApplicationTest" tests="1" failures="0" timestamp="04 Jan 2019 06:55:09 GMT" time="12.145" errors="0">
  <testcase name="LoginTest" time="12.145" classname="com.ibm.jenkins.com.ibm.jenkins.Launch_ApplicationTest"/>
</testsuite> <!-- com.ibm.jenkins.com.ibm.jenkins.Launch_ApplicationTest -->
